Using pre-set license
Built from '2020.3/staging' branch; Version is '2020.3.39f1 (fd6670bb8be9) revision 16606832'; Using compiler version '192528614'; Build Type 'Release'
OS: 'Windows 10  (10.0.17763) 64bit EnterpriseS' Language: 'ru' Physical Memory: 8072 MB
BatchMode: 1, IsHumanControllingUs: 0, StartBugReporterOnCrash: 0, Is64bit: 1, IsPro: 0

COMMAND LINE ARGUMENTS:
C:\Program Files\Unity\Hub\Editor\2020.3.39f1\Editor\Unity.exe
-adb2
-batchMode
-noUpm
-name
AssetImportWorker0
-projectPath
D:/Unity/Particle/Particle-sword
-logFile
Logs/AssetImportWorker0.log
-srvPort
54411
Successfully changed project path to: D:/Unity/Particle/Particle-sword
D:/Unity/Particle/Particle-sword
Using Asset Import Pipeline V2.
Refreshing native plugins compatible for Editor in 103.07 ms, found 2 plugins.
Preloading 0 native plugins for Editor in 0.00 ms.
Initialize engine version: 2020.3.39f1 (fd6670bb8be9)
[Subsystems] Discovering subsystems at path C:/Program Files/Unity/Hub/Editor/2020.3.39f1/Editor/Data/Resources/UnitySubsystems
[Subsystems] Discovering subsystems at path D:/Unity/Particle/Particle-sword/Assets
GfxDevice: creating device client; threaded=0
Direct3D:
    Version:  Direct3D 11.0 [level 11.1]
    Renderer: NVIDIA GeForce GTX 1050 (ID=0x1c91)
    Vendor:   
    VRAM:     2996 MB
    Driver:   31.0.15.1694
Initialize mono
Mono path[0] = 'C:/Program Files/Unity/Hub/Editor/2020.3.39f1/Editor/Data/Managed'
Mono path[1] = 'C:/Program Files/Unity/Hub/Editor/2020.3.39f1/Editor/Data/MonoBleedingEdge/lib/mono/unityjit'
Mono config path = 'C:/Program Files/Unity/Hub/Editor/2020.3.39f1/Editor/Data/MonoBleedingEdge/etc'
Using monoOptions --debugger-agent=transport=dt_socket,embedding=1,server=y,suspend=n,address=127.0.0.1:56908
Begin MonoManager ReloadAssembly
Registering precompiled unity dll's ...
Register platform support module: C:/Program Files/Unity/Hub/Editor/2020.3.39f1/Editor/Data/PlaybackEngines/WindowsStandaloneSupport/UnityEditor.WindowsStandalone.Extensions.dll
Registered in 0.005074 seconds.
Native extension for WindowsStandalone target not found
Refreshing native plugins compatible for Editor in 101.11 ms, found 2 plugins.
Preloading 0 native plugins for Editor in 0.00 ms.
Mono: successfully reloaded assembly
- Completed reload, in  1.832 seconds
Domain Reload Profiling:
	ReloadAssembly (1833ms)
		BeginReloadAssembly (243ms)
			ExecutionOrderSort (0ms)
			DisableScriptedObjects (0ms)
			BackupInstance (0ms)
			ReleaseScriptingObjects (0ms)
			CreateAndSetChildDomain (2ms)
		EndReloadAssembly (1234ms)
			LoadAssemblies (238ms)
			RebuildTransferFunctionScriptingTraits (0ms)
			SetupTypeCache (424ms)
			ReleaseScriptCaches (0ms)
			RebuildScriptCaches (94ms)
			SetupLoadedEditorAssemblies (460ms)
				LogAssemblyErrors (0ms)
				InitializePlatformSupportModulesInManaged (11ms)
				SetLoadedEditorAssemblies (1ms)
				RefreshPlugins (101ms)
				BeforeProcessingInitializeOnLoad (31ms)
				ProcessInitializeOnLoadAttributes (233ms)
				ProcessInitializeOnLoadMethodAttributes (82ms)
				AfterProcessingInitializeOnLoad (0ms)
				EditorAssembliesLoaded (1ms)
			ExecutionOrderSort2 (0ms)
			AwakeInstancesAfterBackupRestoration (0ms)
Platform modules already initialized, skipping
Registering precompiled user dll's ...
Registered in 0.005651 seconds.
Begin MonoManager ReloadAssembly
Native extension for WindowsStandalone target not found
Refreshing native plugins compatible for Editor in 0.70 ms, found 2 plugins.
Preloading 0 native plugins for Editor in 0.00 ms.
Mono: successfully reloaded assembly
- Completed reload, in  3.277 seconds
Domain Reload Profiling:
	ReloadAssembly (3280ms)
		BeginReloadAssembly (599ms)
			ExecutionOrderSort (0ms)
			DisableScriptedObjects (15ms)
			BackupInstance (0ms)
			ReleaseScriptingObjects (2ms)
			CreateAndSetChildDomain (88ms)
		EndReloadAssembly (2438ms)
			LoadAssemblies (392ms)
			RebuildTransferFunctionScriptingTraits (0ms)
			SetupTypeCache (927ms)
			ReleaseScriptCaches (1ms)
			RebuildScriptCaches (130ms)
			SetupLoadedEditorAssemblies (794ms)
				LogAssemblyErrors (0ms)
				InitializePlatformSupportModulesInManaged (11ms)
				SetLoadedEditorAssemblies (1ms)
				RefreshPlugins (1ms)
				BeforeProcessingInitializeOnLoad (214ms)
				ProcessInitializeOnLoadAttributes (518ms)
				ProcessInitializeOnLoadMethodAttributes (34ms)
				AfterProcessingInitializeOnLoad (15ms)
				EditorAssembliesLoaded (1ms)
			ExecutionOrderSort2 (0ms)
			AwakeInstancesAfterBackupRestoration (6ms)
Platform modules already initialized, skipping
========================================================================
Worker process is ready to serve import requests
Launched and connected shader compiler UnityShaderCompiler.exe after 0.19 seconds
Refreshing native plugins compatible for Editor in 0.99 ms, found 2 plugins.
Preloading 0 native plugins for Editor in 0.00 ms.
Unloading 1526 Unused Serialized files (Serialized files now loaded: 0)
System memory in use before: 70.4 MB.
System memory in use after: 70.4 MB.

Unloading 17 unused Assets to reduce memory usage. Loaded Objects now: 1962.
Total: 9.179000 ms (FindLiveObjects: 0.371300 ms CreateObjectMapping: 0.181600 ms MarkObjects: 8.449300 ms  DeleteObjects: 0.174800 ms)

AssetImportParameters requested are different than current active one (requested -> active):
  custom:framework-win-MediaFoundation: 216162199b28c13a410421893ffa2e32 -> 
  custom:video-decoder-ogg-theora: a1e56fd34408186e4bbccfd4996cb3dc -> 
  custom:container-muxer-webm: aa71ff27fc2769a1b78a27578f13a17b -> 
  custom:container-demuxer-webm: 4f35f7cbe854078d1ac9338744f61a02 -> 
  custom:container-demuxer-ogg: 62fdf1f143b41e24485cea50d1cbac27 -> 
  custom:video-encoder-webm-vp8: eb34c28f22e8b96e1ab97ce403110664 -> 
  custom:video-decoder-webm-vp8: 9c59270c3fd7afecdb556c50c9e8de78 -> 
  custom:audio-decoder-ogg-vorbis: bf7c407c2cedff20999df2af8eb42d56 -> 
  custom:audio-encoder-webm-vorbis: bf7c407c2cedff20999df2af8eb42d56 -> 
========================================================================
Received Import Request.
  path: Assets/Katana/Material/PBR_Katana.mat
  artifactKey: Guid(04c65e9249fd8b543b8035821a1b848d) Importer(815301076,1909f56bfc062723c751e8b465ee728b)
Start importing Assets/Katana/Material/PBR_Katana.mat using Guid(04c65e9249fd8b543b8035821a1b848d) Importer(815301076,1909f56bfc062723c751e8b465ee728b)  -> (artifact id: 'e39bfd83345eb12596ba9412805870cb') in 1.654261 seconds 
========================================================================
Received Import Request.
  Time since last request: 0.000972 seconds.
  path: Assets/Scenes
  artifactKey: Guid(6ea315d0fd7389c41b19996891e99ae3) Importer(815301076,1909f56bfc062723c751e8b465ee728b)
Start importing Assets/Scenes using Guid(6ea315d0fd7389c41b19996891e99ae3) Importer(815301076,1909f56bfc062723c751e8b465ee728b)  -> (artifact id: '9168112a17b07f3ee034ca0d2dc1544d') in 0.005788 seconds 
========================================================================
Received Import Request.
  Time since last request: 0.000488 seconds.
  path: Assets/Katana/Material/Mobile_Katana.mat
  artifactKey: Guid(c0ce57c2008db524ca0cf73357bdc30d) Importer(815301076,1909f56bfc062723c751e8b465ee728b)
Start importing Assets/Katana/Material/Mobile_Katana.mat using Guid(c0ce57c2008db524ca0cf73357bdc30d) Importer(815301076,1909f56bfc062723c751e8b465ee728b)  -> (artifact id: 'ee33b201087055cee2501edcf1041c41') in 0.086039 seconds 
========================================================================
Received Import Request.
  Time since last request: 0.000653 seconds.
  path: Assets/Katana/Material
  artifactKey: Guid(4cc3139b9f5c8fd43a0d27d0d9a4651f) Importer(815301076,1909f56bfc062723c751e8b465ee728b)
Start importing Assets/Katana/Material using Guid(4cc3139b9f5c8fd43a0d27d0d9a4651f) Importer(815301076,1909f56bfc062723c751e8b465ee728b)  -> (artifact id: '91e4f10f1f6d3751633d56749de5751b') in 0.006271 seconds 
========================================================================
Received Import Request.
  Time since last request: 0.001606 seconds.
  path: Assets/Katana/Texture/PNG/Katana.png
  artifactKey: Guid(9ccabff5a3608f242b91742638cad2db) Importer(815301076,1909f56bfc062723c751e8b465ee728b)
Start importing Assets/Katana/Texture/PNG/Katana.png using Guid(9ccabff5a3608f242b91742638cad2db) Importer(815301076,1909f56bfc062723c751e8b465ee728b)  -> (artifact id: '08eeb58194aa8c8fbc3c43f3f5c7d0bf') in 0.143498 seconds 
========================================================================
Received Import Request.
  Time since last request: 0.000557 seconds.
  path: Assets/Katana
  artifactKey: Guid(7dd78f12266294843862691ccd4c88b4) Importer(815301076,1909f56bfc062723c751e8b465ee728b)
Start importing Assets/Katana using Guid(7dd78f12266294843862691ccd4c88b4) Importer(815301076,1909f56bfc062723c751e8b465ee728b)  -> (artifact id: '0427d1619d1bf99c08132bdade542457') in 0.004834 seconds 
========================================================================
Received Import Request.
  Time since last request: 0.000632 seconds.
  path: Assets/Katana/Material/Specular_Katana.mat
  artifactKey: Guid(5830098236266ec45a53632d8fed87ce) Importer(815301076,1909f56bfc062723c751e8b465ee728b)
Start importing Assets/Katana/Material/Specular_Katana.mat using Guid(5830098236266ec45a53632d8fed87ce) Importer(815301076,1909f56bfc062723c751e8b465ee728b)  -> (artifact id: '1bd9eb450f9172c5fe59d24bdfb620ca') in 0.752932 seconds 
========================================================================
Received Import Request.
  Time since last request: 0.000626 seconds.
  path: Assets/Katana/Texture/PNG/Katana_Normal_OpenGL.png
  artifactKey: Guid(98a30f67b95d8fd4f9a38b9415914125) Importer(815301076,1909f56bfc062723c751e8b465ee728b)
Start importing Assets/Katana/Texture/PNG/Katana_Normal_OpenGL.png using Guid(98a30f67b95d8fd4f9a38b9415914125) Importer(815301076,1909f56bfc062723c751e8b465ee728b)  -> (artifact id: '50057c77c0301d6d60d1ba1eaafd9237') in 0.041586 seconds 
========================================================================
Received Import Request.
  Time since last request: 3.266197 seconds.
  path: Assets/Katana/Mesh/OBJ
  artifactKey: Guid(19bbefbc3c0580f4db680f2e1cb78607) Importer(815301076,1909f56bfc062723c751e8b465ee728b)
Start importing Assets/Katana/Mesh/OBJ using Guid(19bbefbc3c0580f4db680f2e1cb78607) Importer(815301076,1909f56bfc062723c751e8b465ee728b)  -> (artifact id: 'b746a3c61c7b48ead2bbac90ff3e52b0') in 0.006424 seconds 
========================================================================
Received Import Request.
  Time since last request: 1.627989 seconds.
  path: Assets/Katana/Mesh/OBJ/Katana_LODA.obj
  artifactKey: Guid(3d88c319821b89f4086eb24c6b2faee2) Importer(815301076,1909f56bfc062723c751e8b465ee728b)
Start importing Assets/Katana/Mesh/OBJ/Katana_LODA.obj using Guid(3d88c319821b89f4086eb24c6b2faee2) Importer(815301076,1909f56bfc062723c751e8b465ee728b)  -> (artifact id: '6608759ea756e66140d6a67102c27cd0') in 0.983456 seconds 
========================================================================
Received Import Request.
  Time since last request: 0.000575 seconds.
  path: Assets/Katana/Mesh/OBJ/Katana_LODC.obj
  artifactKey: Guid(9fa5af28974a52a40b3aaf01a9d5195d) Importer(815301076,1909f56bfc062723c751e8b465ee728b)
Start importing Assets/Katana/Mesh/OBJ/Katana_LODC.obj using Guid(9fa5af28974a52a40b3aaf01a9d5195d) Importer(815301076,1909f56bfc062723c751e8b465ee728b)  -> (artifact id: '18aaec6bb448467e7a2a456a9eecaa4c') in 0.054329 seconds 
========================================================================
Received Import Request.
  Time since last request: 0.000543 seconds.
  path: Assets/Katana/Mesh/OBJ/Katana_LODB.obj
  artifactKey: Guid(94a7af9356e18a4479df9accf0d1d82e) Importer(815301076,1909f56bfc062723c751e8b465ee728b)
Start importing Assets/Katana/Mesh/OBJ/Katana_LODB.obj using Guid(94a7af9356e18a4479df9accf0d1d82e) Importer(815301076,1909f56bfc062723c751e8b465ee728b)  -> (artifact id: 'a1bf8c8958d76c0605782e6709ffcc58') in 0.035382 seconds 
========================================================================
Received Import Request.
  Time since last request: 149.247670 seconds.
  path: Assets/Katana/Texture/PNG
  artifactKey: Guid(5124d87cf9e860b46be7a3fe596f1616) Importer(815301076,1909f56bfc062723c751e8b465ee728b)
Start importing Assets/Katana/Texture/PNG using Guid(5124d87cf9e860b46be7a3fe596f1616) Importer(815301076,1909f56bfc062723c751e8b465ee728b)  -> (artifact id: '7794006c1d13387e247e186e5459e461') in 0.006585 seconds 
========================================================================
Received Import Request.
  Time since last request: 0.148580 seconds.
  path: Assets/Katana/Texture/PNG/Katana_Albedo.png
  artifactKey: Guid(032efcac8804f17408fb726ac180be04) Importer(815301076,1909f56bfc062723c751e8b465ee728b)
Start importing Assets/Katana/Texture/PNG/Katana_Albedo.png using Guid(032efcac8804f17408fb726ac180be04) Importer(815301076,1909f56bfc062723c751e8b465ee728b)  -> (artifact id: '6f824696626ba597bc2a8ff19e820a28') in 0.027771 seconds 
========================================================================
Received Import Request.
  Time since last request: 0.000454 seconds.
  path: Assets/Katana/Texture/PNG/Katana_Normal_DirectX.png
  artifactKey: Guid(0d60020bff0111c4c9518a4f87e086e6) Importer(815301076,1909f56bfc062723c751e8b465ee728b)
Start importing Assets/Katana/Texture/PNG/Katana_Normal_DirectX.png using Guid(0d60020bff0111c4c9518a4f87e086e6) Importer(815301076,1909f56bfc062723c751e8b465ee728b)  -> (artifact id: '81cc3958a86cfac8a3b00364268ec5f5') in 0.020165 seconds 
========================================================================
Received Import Request.
  Time since last request: 0.000671 seconds.
  path: Assets/Katana/Texture/PNG/Katana_Roughness.png
  artifactKey: Guid(e80fb62ba75fa1249a2c5a9ce59feb71) Importer(815301076,1909f56bfc062723c751e8b465ee728b)
Start importing Assets/Katana/Texture/PNG/Katana_Roughness.png using Guid(e80fb62ba75fa1249a2c5a9ce59feb71) Importer(815301076,1909f56bfc062723c751e8b465ee728b)  -> (artifact id: '10ef49425e041ce5211b1a90da854f60') in 0.028388 seconds 
========================================================================
Received Import Request.
  Time since last request: 0.000606 seconds.
  path: Assets/Katana/Texture/PNG/Katana_AO.png
  artifactKey: Guid(cf43bb11ebb67ce449d4c4a9c2819acf) Importer(815301076,1909f56bfc062723c751e8b465ee728b)
Start importing Assets/Katana/Texture/PNG/Katana_AO.png using Guid(cf43bb11ebb67ce449d4c4a9c2819acf) Importer(815301076,1909f56bfc062723c751e8b465ee728b)  -> (artifact id: 'b9245f58fd3ee7e903a1f140d77c0eaa') in 0.022534 seconds 
========================================================================
Received Import Request.
  Time since last request: 0.001311 seconds.
  path: Assets/Katana/Texture/PNG/Katana_Gloss.png
  artifactKey: Guid(f995e5ceffe0d644d83f7144884d8bc1) Importer(815301076,1909f56bfc062723c751e8b465ee728b)
Start importing Assets/Katana/Texture/PNG/Katana_Gloss.png using Guid(f995e5ceffe0d644d83f7144884d8bc1) Importer(815301076,1909f56bfc062723c751e8b465ee728b)  -> (artifact id: '075298806eacd5b1aab29be8067de32f') in 0.028214 seconds 
========================================================================
Received Import Request.
  Time since last request: 0.000450 seconds.
  path: Assets/Katana/Texture/PNG/Katana_Metallic.png
  artifactKey: Guid(318672880f164fe4bbbeb0d1321bc953) Importer(815301076,1909f56bfc062723c751e8b465ee728b)
Start importing Assets/Katana/Texture/PNG/Katana_Metallic.png using Guid(318672880f164fe4bbbeb0d1321bc953) Importer(815301076,1909f56bfc062723c751e8b465ee728b)  -> (artifact id: 'a44044b5ee8de7a88cca8724811e4209') in 0.020390 seconds 
========================================================================
Received Import Request.
  Time since last request: 0.000537 seconds.
  path: Assets/Katana/Texture/PNG/Katana_Diffuse.png
  artifactKey: Guid(0c476fa9292dac5459df0f95cb06cb2f) Importer(815301076,1909f56bfc062723c751e8b465ee728b)
Start importing Assets/Katana/Texture/PNG/Katana_Diffuse.png using Guid(0c476fa9292dac5459df0f95cb06cb2f) Importer(815301076,1909f56bfc062723c751e8b465ee728b)  -> (artifact id: '585eee7b8af0ab4cf7b760bffb5c84b4') in 0.018372 seconds 
========================================================================
Received Import Request.
  Time since last request: 0.000419 seconds.
  path: Assets/Katana/Texture/PNG/Katana_Specular.png
  artifactKey: Guid(0c7ed159b3aaab642896d6a35efb770e) Importer(815301076,1909f56bfc062723c751e8b465ee728b)
Start importing Assets/Katana/Texture/PNG/Katana_Specular.png using Guid(0c7ed159b3aaab642896d6a35efb770e) Importer(815301076,1909f56bfc062723c751e8b465ee728b)  -> (artifact id: '4f9440a3d261295a656c246323cba2d6') in 0.018069 seconds 
========================================================================
Received Import Request.
  Time since last request: 23.490333 seconds.
  path: Assets/Katana/Mesh/OBJ/Materials
  artifactKey: Guid(681df25338c01fd4b9a8b5b9d6a5ecc9) Importer(815301076,1909f56bfc062723c751e8b465ee728b)
Start importing Assets/Katana/Mesh/OBJ/Materials using Guid(681df25338c01fd4b9a8b5b9d6a5ecc9) Importer(815301076,1909f56bfc062723c751e8b465ee728b)  -> (artifact id: 'ea32c588a269bebb70980f166c26cbed') in 0.004778 seconds 
========================================================================
Received Import Request.
  Time since last request: 0.030679 seconds.
  path: Assets/Katana/Mesh/OBJ/Materials/Katana_LODAMat.mat
  artifactKey: Guid(a34116101a7ecba489360728ac17a6bc) Importer(815301076,1909f56bfc062723c751e8b465ee728b)
Start importing Assets/Katana/Mesh/OBJ/Materials/Katana_LODAMat.mat using Guid(a34116101a7ecba489360728ac17a6bc) Importer(815301076,1909f56bfc062723c751e8b465ee728b)  -> (artifact id: '88ed3c75f1e763b4fd1daae754b260a3') in 0.025685 seconds 
========================================================================
Received Import Request.
  Time since last request: 0.000441 seconds.
  path: Assets/Katana/Mesh/OBJ/Materials/Katana_LODBMat.mat
  artifactKey: Guid(c9af0f41b651fb74b986ecf1e505269e) Importer(815301076,1909f56bfc062723c751e8b465ee728b)
Start importing Assets/Katana/Mesh/OBJ/Materials/Katana_LODBMat.mat using Guid(c9af0f41b651fb74b986ecf1e505269e) Importer(815301076,1909f56bfc062723c751e8b465ee728b)  -> (artifact id: 'd7f34a78a0f7840babd942075c931432') in 0.022653 seconds 
========================================================================
Received Import Request.
  Time since last request: 0.000569 seconds.
  path: Assets/Katana/Mesh/OBJ/Materials/Katana_LODCMat.mat
  artifactKey: Guid(8a29f052bb9764e438e60d8aa6e5dd91) Importer(815301076,1909f56bfc062723c751e8b465ee728b)
Start importing Assets/Katana/Mesh/OBJ/Materials/Katana_LODCMat.mat using Guid(8a29f052bb9764e438e60d8aa6e5dd91) Importer(815301076,1909f56bfc062723c751e8b465ee728b)  -> (artifact id: '3639f4a723f5b4fccb56cdf634c03990') in 0.024073 seconds 
========================================================================
Received Prepare
Registering precompiled user dll's ...
Registered in 0.011624 seconds.
Begin MonoManager ReloadAssembly
Native extension for WindowsStandalone target not found
Refreshing native plugins compatible for Editor in 1.39 ms, found 2 plugins.
Preloading 0 native plugins for Editor in 0.00 ms.
Mono: successfully reloaded assembly
- Completed reload, in  5.271 seconds
Domain Reload Profiling:
	ReloadAssembly (5272ms)
		BeginReloadAssembly (608ms)
			ExecutionOrderSort (0ms)
			DisableScriptedObjects (18ms)
			BackupInstance (0ms)
			ReleaseScriptingObjects (0ms)
			CreateAndSetChildDomain (167ms)
		EndReloadAssembly (4359ms)
			LoadAssemblies (553ms)
			RebuildTransferFunctionScriptingTraits (0ms)
			SetupTypeCache (1915ms)
			ReleaseScriptCaches (3ms)
			RebuildScriptCaches (197ms)
			SetupLoadedEditorAssemblies (1416ms)
				LogAssemblyErrors (0ms)
				InitializePlatformSupportModulesInManaged (18ms)
				SetLoadedEditorAssemblies (2ms)
				RefreshPlugins (2ms)
				BeforeProcessingInitializeOnLoad (358ms)
				ProcessInitializeOnLoadAttributes (967ms)
				ProcessInitializeOnLoadMethodAttributes (48ms)
				AfterProcessingInitializeOnLoad (21ms)
				EditorAssembliesLoaded (1ms)
			ExecutionOrderSort2 (0ms)
			AwakeInstancesAfterBackupRestoration (10ms)
Platform modules already initialized, skipping
Refreshing native plugins compatible for Editor in 2.26 ms, found 2 plugins.
Preloading 0 native plugins for Editor in 0.00 ms.
Unloading 1521 Unused Serialized files (Serialized files now loaded: 0)
System memory in use before: 75.0 MB.
System memory in use after: 75.1 MB.

Unloading 12 unused Assets to reduce memory usage. Loaded Objects now: 2017.
Total: 11.717100 ms (FindLiveObjects: 1.339700 ms CreateObjectMapping: 1.033200 ms MarkObjects: 9.150200 ms  DeleteObjects: 0.190200 ms)

AssetImportParameters requested are different than current active one (requested -> active):
  custom:framework-win-MediaFoundation: 216162199b28c13a410421893ffa2e32 -> 
  custom:video-decoder-ogg-theora: a1e56fd34408186e4bbccfd4996cb3dc -> 
  custom:container-muxer-webm: aa71ff27fc2769a1b78a27578f13a17b -> 
  custom:container-demuxer-webm: 4f35f7cbe854078d1ac9338744f61a02 -> 
  custom:container-demuxer-ogg: 62fdf1f143b41e24485cea50d1cbac27 -> 
  custom:video-encoder-webm-vp8: eb34c28f22e8b96e1ab97ce403110664 -> 
  custom:video-decoder-webm-vp8: 9c59270c3fd7afecdb556c50c9e8de78 -> 
  custom:audio-decoder-ogg-vorbis: bf7c407c2cedff20999df2af8eb42d56 -> 
  custom:audio-encoder-webm-vorbis: bf7c407c2cedff20999df2af8eb42d56 -> 
========================================================================
Received Import Request.
  Time since last request: 120.902763 seconds.
  path: Assets/Katana/Mesh/OBJ/Material
  artifactKey: Guid(719cc7acf0c701d49a12123c3c5e7c53) Importer(815301076,1909f56bfc062723c751e8b465ee728b)
Start importing Assets/Katana/Mesh/OBJ/Material using Guid(719cc7acf0c701d49a12123c3c5e7c53) Importer(815301076,1909f56bfc062723c751e8b465ee728b)  -> (artifact id: '01a846d3374bfb5e9a5fdb5e97fe2a10') in 0.016328 seconds 
========================================================================
Received Import Request.
  Time since last request: 0.893197 seconds.
  path: Assets/Katana/Mesh/OBJ/Material/Katana_LODA.mat
  artifactKey: Guid(089a9963cd7df2640b92e0ffcb2071f0) Importer(815301076,1909f56bfc062723c751e8b465ee728b)
Start importing Assets/Katana/Mesh/OBJ/Material/Katana_LODA.mat using Guid(089a9963cd7df2640b92e0ffcb2071f0) Importer(815301076,1909f56bfc062723c751e8b465ee728b)  -> (artifact id: '311fa27f91725930abcf85a8d6c4d592') in 0.514756 seconds 
========================================================================
Received Import Request.
  Time since last request: 0.000656 seconds.
  path: Assets/Katana/Mesh/OBJ/Material/Katana_LODC.mat
  artifactKey: Guid(957856c307da5974fb91adf88edc04d1) Importer(815301076,1909f56bfc062723c751e8b465ee728b)
Start importing Assets/Katana/Mesh/OBJ/Material/Katana_LODC.mat using Guid(957856c307da5974fb91adf88edc04d1) Importer(815301076,1909f56bfc062723c751e8b465ee728b)  -> (artifact id: '1b9c884ff542f1f9b3cc1b0f47a5eb93') in 0.022315 seconds 
========================================================================
Received Import Request.
  Time since last request: 0.004919 seconds.
  path: Assets/Katana/Mesh/OBJ/Material/Katana_LODB.mat
  artifactKey: Guid(986da3b4e34919b469cd4baf6d532c49) Importer(815301076,1909f56bfc062723c751e8b465ee728b)
Start importing Assets/Katana/Mesh/OBJ/Material/Katana_LODB.mat using Guid(986da3b4e34919b469cd4baf6d532c49) Importer(815301076,1909f56bfc062723c751e8b465ee728b)  -> (artifact id: '635f395e17a43d3858d9b50772b9780d') in 0.024309 seconds 
========================================================================
Received Import Request.
  Time since last request: 3890.640161 seconds.
  path: Packages/com.unity.ext.nunit
  artifactKey: Guid(25a477c2f24db8778a4179421a32cc21) Importer(815301076,1909f56bfc062723c751e8b465ee728b)
Start importing Packages/com.unity.ext.nunit using Guid(25a477c2f24db8778a4179421a32cc21) Importer(815301076,1909f56bfc062723c751e8b465ee728b)  -> (artifact id: 'de8b3f671dc9f0a57b867a67d4aae8de') in 0.045986 seconds 
========================================================================
Received Import Request.
  Time since last request: 2.981407 seconds.
  path: Packages/com.unity.test-framework
  artifactKey: Guid(6023f2b823fc19b4e4a90875281ff117) Importer(815301076,1909f56bfc062723c751e8b465ee728b)
Start importing Packages/com.unity.test-framework using Guid(6023f2b823fc19b4e4a90875281ff117) Importer(815301076,1909f56bfc062723c751e8b465ee728b)  -> (artifact id: '7b3fecfc8d873fe96244889d860a7252') in 0.029813 seconds 
========================================================================
Received Import Request.
  Time since last request: 0.370098 seconds.
  path: Packages/com.unity.textmeshpro
  artifactKey: Guid(cabaa672b0e3ee91fa7b6da4daab7970) Importer(815301076,1909f56bfc062723c751e8b465ee728b)
Start importing Packages/com.unity.textmeshpro using Guid(cabaa672b0e3ee91fa7b6da4daab7970) Importer(815301076,1909f56bfc062723c751e8b465ee728b)  -> (artifact id: '169a733f15e62358392572f7d3dbae7f') in 0.027405 seconds 
========================================================================
Received Import Request.
  Time since last request: 0.118227 seconds.
  path: Packages/com.unity.textmeshpro/package.json
  artifactKey: Guid(220e9325710f4235a43492dd1ee4980d) Importer(815301076,1909f56bfc062723c751e8b465ee728b)
Start importing Packages/com.unity.textmeshpro/package.json using Guid(220e9325710f4235a43492dd1ee4980d) Importer(815301076,1909f56bfc062723c751e8b465ee728b)  -> (artifact id: '2c6d4de5db3a39bcb3575c98dc9df750') in 0.392211 seconds 
========================================================================
Received Import Request.
  Time since last request: 4.181660 seconds.
  path: Packages/com.unity.ext.nunit/package.json
  artifactKey: Guid(8143d3a8390f2c64685e3bc272bd9e90) Importer(815301076,1909f56bfc062723c751e8b465ee728b)
Start importing Packages/com.unity.ext.nunit/package.json using Guid(8143d3a8390f2c64685e3bc272bd9e90) Importer(815301076,1909f56bfc062723c751e8b465ee728b)  -> (artifact id: '36f449bd9ed4a92e06d659da724da745') in 0.043166 seconds 
========================================================================
Received Import Request.
  Time since last request: 2.177796 seconds.
  path: Packages/com.unity.ide.rider
  artifactKey: Guid(ea5aa18a49e4f29d74984ea0ea11a238) Importer(815301076,1909f56bfc062723c751e8b465ee728b)
Start importing Packages/com.unity.ide.rider using Guid(ea5aa18a49e4f29d74984ea0ea11a238) Importer(815301076,1909f56bfc062723c751e8b465ee728b)  -> (artifact id: '38d02623396ab86594f3405d33b9714f') in 0.004542 seconds 
========================================================================
Received Import Request.
  Time since last request: 0.055627 seconds.
  path: Packages/com.unity.ide.rider/package.json
  artifactKey: Guid(66c95bb3c74257f41bae2622511dc02d) Importer(815301076,1909f56bfc062723c751e8b465ee728b)
Start importing Packages/com.unity.ide.rider/package.json using Guid(66c95bb3c74257f41bae2622511dc02d) Importer(815301076,1909f56bfc062723c751e8b465ee728b)  -> (artifact id: '050b6ceafdfe00bc1e37ba9cd210adc6') in 0.026188 seconds 
========================================================================
Received Import Request.
  Time since last request: 3.581820 seconds.
  path: Packages/com.unity.collab-proxy
  artifactKey: Guid(1adad61bfb44214ee3e887b5febc4396) Importer(815301076,1909f56bfc062723c751e8b465ee728b)
Start importing Packages/com.unity.collab-proxy using Guid(1adad61bfb44214ee3e887b5febc4396) Importer(815301076,1909f56bfc062723c751e8b465ee728b)  -> (artifact id: '7837b352734e5da8176d6703b10e0397') in 0.004984 seconds 
========================================================================
Received Import Request.
  Time since last request: 1.627307 seconds.
  path: Packages/com.unity.ide.vscode
  artifactKey: Guid(1c61a04a5b7737c4d16673d64be4194e) Importer(815301076,1909f56bfc062723c751e8b465ee728b)
Start importing Packages/com.unity.ide.vscode using Guid(1c61a04a5b7737c4d16673d64be4194e) Importer(815301076,1909f56bfc062723c751e8b465ee728b)  -> (artifact id: '6eb59e90e7b94b511476370c7399373e') in 0.045068 seconds 
========================================================================
Received Import Request.
  Time since last request: 1.815487 seconds.
  path: Packages/com.unity.ide.visualstudio
  artifactKey: Guid(9db636ca49aa246019dd93b7c8b689f4) Importer(815301076,1909f56bfc062723c751e8b465ee728b)
Start importing Packages/com.unity.ide.visualstudio using Guid(9db636ca49aa246019dd93b7c8b689f4) Importer(815301076,1909f56bfc062723c751e8b465ee728b)  -> (artifact id: '97ec95a5506f2bdeeee79941468489e5') in 0.006101 seconds 
========================================================================
Received Import Request.
  Time since last request: 1.966913 seconds.
  path: Packages/com.unity.timeline
  artifactKey: Guid(a4610cf559d77b9f256416d9ccaeac55) Importer(815301076,1909f56bfc062723c751e8b465ee728b)
Start importing Packages/com.unity.timeline using Guid(a4610cf559d77b9f256416d9ccaeac55) Importer(815301076,1909f56bfc062723c751e8b465ee728b)  -> (artifact id: 'faf0c4e2b16555589375b70b30cdb036') in 0.004913 seconds 
========================================================================
Received Import Request.
  Time since last request: 0.022851 seconds.
  path: Packages/com.unity.timeline/package.json
  artifactKey: Guid(13a9c1b4df2e489e8eb9cacca7429596) Importer(815301076,1909f56bfc062723c751e8b465ee728b)
Start importing Packages/com.unity.timeline/package.json using Guid(13a9c1b4df2e489e8eb9cacca7429596) Importer(815301076,1909f56bfc062723c751e8b465ee728b)  -> (artifact id: '82c6c08db8f434b9305b26de0687e812') in 0.023967 seconds 
========================================================================
Received Import Request.
  Time since last request: 5.264443 seconds.
  path: Packages/com.unity.ide.rider/CHANGELOG.md
  artifactKey: Guid(8645aa9c3c74fb34ba9499e14fb332b5) Importer(815301076,1909f56bfc062723c751e8b465ee728b)
Start importing Packages/com.unity.ide.rider/CHANGELOG.md using Guid(8645aa9c3c74fb34ba9499e14fb332b5) Importer(815301076,1909f56bfc062723c751e8b465ee728b)  -> (artifact id: '30efbb67417c66efeea9fb056a6f4463') in 0.155416 seconds 
========================================================================
Received Import Request.
  Time since last request: 0.107908 seconds.
  path: Packages/com.unity.ide.rider/Rider
  artifactKey: Guid(9129183a42052cd43b9c284d6dbd541e) Importer(815301076,1909f56bfc062723c751e8b465ee728b)
Start importing Packages/com.unity.ide.rider/Rider using Guid(9129183a42052cd43b9c284d6dbd541e) Importer(815301076,1909f56bfc062723c751e8b465ee728b)  -> (artifact id: 'b0ed37780721ec38efc2f48758039c53') in 0.064493 seconds 
========================================================================
Received Import Request.
  Time since last request: 0.550681 seconds.
  path: Packages/com.unity.ide.rider/Rider/Editor
  artifactKey: Guid(1b393f6b29a9ee84c803af1ab4944b71) Importer(815301076,1909f56bfc062723c751e8b465ee728b)
Start importing Packages/com.unity.ide.rider/Rider/Editor using Guid(1b393f6b29a9ee84c803af1ab4944b71) Importer(815301076,1909f56bfc062723c751e8b465ee728b)  -> (artifact id: '5087f28a9cfe42a2c05db11df8e1e020') in 0.035760 seconds 
========================================================================
Received Import Request.
  Time since last request: 0.134864 seconds.
  path: Packages/com.unity.ide.rider/Rider/Editor/com.unity.ide.rider.asmdef
  artifactKey: Guid(d528c8c98d269ca44a06cd9624a03945) Importer(815301076,1909f56bfc062723c751e8b465ee728b)
Start importing Packages/com.unity.ide.rider/Rider/Editor/com.unity.ide.rider.asmdef using Guid(d528c8c98d269ca44a06cd9624a03945) Importer(815301076,1909f56bfc062723c751e8b465ee728b)  -> (artifact id: '133d2d9304e222294a40190f83a71008') in 0.143602 seconds 
========================================================================
Received Import Request.
  Time since last request: 16.767992 seconds.
  path: Packages/com.unity.ide.rider/Rider/Editor/PostProcessors
  artifactKey: Guid(aa290bd9a165a0543a4bf85ac73914bc) Importer(815301076,1909f56bfc062723c751e8b465ee728b)
Start importing Packages/com.unity.ide.rider/Rider/Editor/PostProcessors using Guid(aa290bd9a165a0543a4bf85ac73914bc) Importer(815301076,1909f56bfc062723c751e8b465ee728b)  -> (artifact id: '2cd8217f6aa58da9e068ca6253dafa23') in 0.042070 seconds 
========================================================================
Received Import Request.
  Time since last request: 1.764557 seconds.
  path: Packages/com.unity.ide.rider/Rider/Editor/ProjectGeneration
  artifactKey: Guid(313cbe17019f1934397f91069831062c) Importer(815301076,1909f56bfc062723c751e8b465ee728b)
Start importing Packages/com.unity.ide.rider/Rider/Editor/ProjectGeneration using Guid(313cbe17019f1934397f91069831062c) Importer(815301076,1909f56bfc062723c751e8b465ee728b)  -> (artifact id: '40e505edcc8be1fa1f0209588a6916aa') in 0.042690 seconds 
========================================================================
Received Import Request.
  Time since last request: 4.467338 seconds.
  path: Packages/com.unity.ext.nunit/net35
  artifactKey: Guid(a36d8b72880a8004f96ac54ce4598ff9) Importer(815301076,1909f56bfc062723c751e8b465ee728b)
Start importing Packages/com.unity.ext.nunit/net35 using Guid(a36d8b72880a8004f96ac54ce4598ff9) Importer(815301076,1909f56bfc062723c751e8b465ee728b)  -> (artifact id: 'f5f1b27b24c11cc720585ebd98832c29') in 0.005511 seconds 
========================================================================
Received Import Request.
  Time since last request: 0.511286 seconds.
  path: Packages/com.unity.ext.nunit/net35/unity-custom
  artifactKey: Guid(2347243c7aa3e224f9282dc94e6fc3b2) Importer(815301076,1909f56bfc062723c751e8b465ee728b)
Start importing Packages/com.unity.ext.nunit/net35/unity-custom using Guid(2347243c7aa3e224f9282dc94e6fc3b2) Importer(815301076,1909f56bfc062723c751e8b465ee728b)  -> (artifact id: 'f1ab6269ff3beb0fb0292ac4b7d4dd34') in 0.006384 seconds 
========================================================================
Received Import Request.
  Time since last request: 0.693320 seconds.
  path: Packages/com.unity.ext.nunit/net35/unity-custom/nunit.framework.dll
  artifactKey: Guid(f1605f5534186904fa2c4c42acbfe01e) Importer(815301076,1909f56bfc062723c751e8b465ee728b)
Start importing Packages/com.unity.ext.nunit/net35/unity-custom/nunit.framework.dll using Guid(f1605f5534186904fa2c4c42acbfe01e) Importer(815301076,1909f56bfc062723c751e8b465ee728b)  -> (artifact id: '925e04a50a679d603f0f12d7cff7eddf') in 0.211342 seconds 
========================================================================
Received Import Request.
  Time since last request: 10.758812 seconds.
  path: Packages/com.unity.ide.rider/Rider/Editor/Util
  artifactKey: Guid(5e726086cd652f82087d59d67d2c24cd) Importer(815301076,1909f56bfc062723c751e8b465ee728b)
Start importing Packages/com.unity.ide.rider/Rider/Editor/Util using Guid(5e726086cd652f82087d59d67d2c24cd) Importer(815301076,1909f56bfc062723c751e8b465ee728b)  -> (artifact id: '5547770a4ba9b99a4f36b5e1b070ec62') in 0.025939 seconds 
========================================================================
Received Import Request.
  Time since last request: 19.257696 seconds.
  path: Packages/com.unity.timeline/Editor/Unity.Timeline.Editor.asmdef
  artifactKey: Guid(02f771204943f4a40949438e873e3eff) Importer(815301076,1909f56bfc062723c751e8b465ee728b)
Start importing Packages/com.unity.timeline/Editor/Unity.Timeline.Editor.asmdef using Guid(02f771204943f4a40949438e873e3eff) Importer(815301076,1909f56bfc062723c751e8b465ee728b)  -> (artifact id: '745efb3b2a24d941ae99dd5a111ab6c6') in 0.051668 seconds 
========================================================================
Received Import Request.
  Time since last request: 0.001678 seconds.
  path: Packages/com.unity.timeline/Editor
  artifactKey: Guid(9b4f21acd14fdd445b37b76f6587539e) Importer(815301076,1909f56bfc062723c751e8b465ee728b)
Start importing Packages/com.unity.timeline/Editor using Guid(9b4f21acd14fdd445b37b76f6587539e) Importer(815301076,1909f56bfc062723c751e8b465ee728b)  -> (artifact id: '8070be5c174f3af13252f9862c90d735') in 0.004822 seconds 
========================================================================
Received Import Request.
  Time since last request: 0.034677 seconds.
  path: Packages/com.unity.timeline/Editor/Activation
  artifactKey: Guid(b124f0b8ca43e6e46bdc0322fad15ea3) Importer(815301076,1909f56bfc062723c751e8b465ee728b)
Start importing Packages/com.unity.timeline/Editor/Activation using Guid(b124f0b8ca43e6e46bdc0322fad15ea3) Importer(815301076,1909f56bfc062723c751e8b465ee728b)  -> (artifact id: 'be60496444ea06ad53432cf518c63db6') in 0.071082 seconds 
========================================================================
Received Import Request.
  Time since last request: 27.308448 seconds.
  path: Packages/com.unity.textmeshpro/Scripts
  artifactKey: Guid(e6a1d1e3d2384453a7371b4a07a41ca4) Importer(815301076,1909f56bfc062723c751e8b465ee728b)
Start importing Packages/com.unity.textmeshpro/Scripts using Guid(e6a1d1e3d2384453a7371b4a07a41ca4) Importer(815301076,1909f56bfc062723c751e8b465ee728b)  -> (artifact id: 'cb7394475e9d8f3158dc077ff4ebd551') in 0.021882 seconds 
========================================================================
Received Import Request.
  Time since last request: 1.292176 seconds.
  path: Packages/com.unity.textmeshpro/Scripts/Editor
  artifactKey: Guid(b5d6c28ed7b94775be9e2560f300247c) Importer(815301076,1909f56bfc062723c751e8b465ee728b)
Start importing Packages/com.unity.textmeshpro/Scripts/Editor using Guid(b5d6c28ed7b94775be9e2560f300247c) Importer(815301076,1909f56bfc062723c751e8b465ee728b)  -> (artifact id: '725817e68b0528335062c0816d51f333') in 0.006151 seconds 
========================================================================
Received Import Request.
  Time since last request: 0.855886 seconds.
  path: Packages/com.unity.textmeshpro/Scripts/Editor/Unity.TextMeshPro.Editor.asmdef
  artifactKey: Guid(6546d7765b4165b40850b3667f981c26) Importer(815301076,1909f56bfc062723c751e8b465ee728b)
Start importing Packages/com.unity.textmeshpro/Scripts/Editor/Unity.TextMeshPro.Editor.asmdef using Guid(6546d7765b4165b40850b3667f981c26) Importer(815301076,1909f56bfc062723c751e8b465ee728b)  -> (artifact id: 'b60394d5af40b20470b79c4c7bfd8efc') in 0.004110 seconds 
========================================================================
Received Import Request.
  Time since last request: 4.748777 seconds.
  path: Packages/com.unity.textmeshpro/Tests
  artifactKey: Guid(2ce4bbcc4722440890a03312706037fe) Importer(815301076,1909f56bfc062723c751e8b465ee728b)
Start importing Packages/com.unity.textmeshpro/Tests using Guid(2ce4bbcc4722440890a03312706037fe) Importer(815301076,1909f56bfc062723c751e8b465ee728b)  -> (artifact id: 'ef1bd0b6fc32a6e63072ddb3f00c9b1d') in 0.005690 seconds 
========================================================================
Received Import Request.
  Time since last request: 1.952593 seconds.
  path: Packages/com.unity.textmeshpro/Tests/Editor
  artifactKey: Guid(2ddb9c7e83a272341992e289cb625a29) Importer(815301076,1909f56bfc062723c751e8b465ee728b)
Start importing Packages/com.unity.textmeshpro/Tests/Editor using Guid(2ddb9c7e83a272341992e289cb625a29) Importer(815301076,1909f56bfc062723c751e8b465ee728b)  -> (artifact id: 'c29c4558973cfe6dceae90e231c5c5b2') in 0.108087 seconds 
========================================================================
Received Import Request.
  Time since last request: 0.000476 seconds.
  path: Packages/com.unity.textmeshpro/Tests/Editor/Unity.TextMeshPro.Editor.Tests.asmdef
  artifactKey: Guid(656e461844099ae43a609ff6109b0877) Importer(815301076,1909f56bfc062723c751e8b465ee728b)
Start importing Packages/com.unity.textmeshpro/Tests/Editor/Unity.TextMeshPro.Editor.Tests.asmdef using Guid(656e461844099ae43a609ff6109b0877) Importer(815301076,1909f56bfc062723c751e8b465ee728b)  -> (artifact id: 'fcffb8c55a96b9f12c1f51f36d51ea04') in 0.005925 seconds 
========================================================================
Received Import Request.
  Time since last request: 1.322258 seconds.
  path: Packages/com.unity.textmeshpro/Tests/Editor/TMP_EditorTests.cs
  artifactKey: Guid(592f7288ed0df2c4b884e2cd9baac023) Importer(815301076,1909f56bfc062723c751e8b465ee728b)
Start importing Packages/com.unity.textmeshpro/Tests/Editor/TMP_EditorTests.cs using Guid(592f7288ed0df2c4b884e2cd9baac023) Importer(815301076,1909f56bfc062723c751e8b465ee728b)  -> (artifact id: 'a444276886c182f32cdfc1f76b95f46f') in 0.139768 seconds 
========================================================================
Received Prepare
Registering precompiled user dll's ...
Registered in 0.011710 seconds.
Begin MonoManager ReloadAssembly
Native extension for WindowsStandalone target not found
Refreshing native plugins compatible for Editor in 149.75 ms, found 2 plugins.
Preloading 0 native plugins for Editor in 0.00 ms.
Invalid AssetDatabase path: /Editor/EditorResources/cm_logo_sm.png. Use path relative to the project folder.
UnityEngine.StackTraceUtility:ExtractStackTrace ()
UnityEditor.AssetDatabase:LoadAssetAtPath<UnityEngine.Texture2D> (string)
Cinemachine.Editor.CinemachineSettings:get_CinemachineLogoTexture () (at Library/PackageCache/com.unity.cinemachine@2.5.0/Editor/Windows/CinemachineSettings.cs:193)
Cinemachine.Editor.CinemachineSettings:.cctor () (at Library/PackageCache/com.unity.cinemachine@2.5.0/Editor/Windows/CinemachineSettings.cs:225)
Cinemachine.CinemachineColliderPrefs:.cctor () (at Library/PackageCache/com.unity.cinemachine@2.5.0/Editor/Windows/CinemachineColliderPrefs.cs:61)
System.Runtime.CompilerServices.RuntimeHelpers:RunClassConstructor (System.RuntimeTypeHandle)
UnityEditor.EditorAssemblies:ProcessInitializeOnLoadAttributes (System.Type[])

[Library/PackageCache/com.unity.cinemachine@2.5.0/Editor/Windows/CinemachineSettings.cs line 193]

Mono: successfully reloaded assembly
- Completed reload, in  4.740 seconds
Domain Reload Profiling:
	ReloadAssembly (4748ms)
		BeginReloadAssembly (1445ms)
			ExecutionOrderSort (0ms)
			DisableScriptedObjects (181ms)
			BackupInstance (0ms)
			ReleaseScriptingObjects (0ms)
			CreateAndSetChildDomain (686ms)
		EndReloadAssembly (3093ms)
			LoadAssemblies (444ms)
			RebuildTransferFunctionScriptingTraits (0ms)
			SetupTypeCache (1170ms)
			ReleaseScriptCaches (3ms)
			RebuildScriptCaches (122ms)
			SetupLoadedEditorAssemblies (1080ms)
				LogAssemblyErrors (0ms)
				InitializePlatformSupportModulesInManaged (14ms)
				SetLoadedEditorAssemblies (1ms)
				RefreshPlugins (150ms)
				BeforeProcessingInitializeOnLoad (230ms)
				ProcessInitializeOnLoadAttributes (624ms)
				ProcessInitializeOnLoadMethodAttributes (45ms)
				AfterProcessingInitializeOnLoad (14ms)
				EditorAssembliesLoaded (1ms)
			ExecutionOrderSort2 (0ms)
			AwakeInstancesAfterBackupRestoration (5ms)
Platform modules already initialized, skipping
Shader 'Universal Render Pipeline/Nature/SpeedTree7': dependency 'BillboardShader' shader 'Universal Render Pipeline/Nature/SpeedTree7 Billboard' not found
Shader 'Universal Render Pipeline/Baked Lit': fallback shader 'Universal Render Pipeline/Unlit' not found
Shader 'Universal Render Pipeline/Simple Lit': fallback shader 'Hidden/Universal Render Pipeline/FallbackError' not found
Shader 'Universal Render Pipeline/Terrain/Lit': fallback shader 'Hidden/Universal Render Pipeline/FallbackError' not found
Shader 'Universal Render Pipeline/Terrain/Lit': dependency 'AddPassShader' shader 'Hidden/Universal Render Pipeline/Terrain/Lit (Add Pass)' not found
Shader 'Universal Render Pipeline/Terrain/Lit': dependency 'BaseMapShader' shader 'Hidden/Universal Render Pipeline/Terrain/Lit (Base Pass)' not found
Shader 'Universal Render Pipeline/Terrain/Lit': dependency 'BaseMapGenShader' shader 'Hidden/Universal Render Pipeline/Terrain/Lit (Basemap Gen)' not found
Shader 'Hidden/Universal Render Pipeline/Terrain/Lit (Add Pass)': fallback shader 'Hidden/Universal Render Pipeline/FallbackError' not found
Shader 'Hidden/Universal Render Pipeline/Terrain/Lit (Base Pass)': fallback shader 'Hidden/Universal Render Pipeline/FallbackError' not found
Shader 'Universal Render Pipeline/Particles/Lit': fallback shader 'Universal Render Pipeline/Particles/SimpleLit' not found
Shader 'Universal Render Pipeline/Particles/Lit': fallback shader 'Universal Render Pipeline/Particles/SimpleLit' not found
Refreshing native plugins compatible for Editor in 1.09 ms, found 2 plugins.
Preloading 0 native plugins for Editor in 0.00 ms.
Unloading 2608 Unused Serialized files (Serialized files now loaded: 0)
System memory in use before: 113.2 MB.
System memory in use after: 110.6 MB.

Unloading 64 unused Assets to reduce memory usage. Loaded Objects now: 3056.
Total: 98.924600 ms (FindLiveObjects: 0.483200 ms CreateObjectMapping: 0.320500 ms MarkObjects: 94.770000 ms  DeleteObjects: 3.347700 ms)

AssetImportParameters requested are different than current active one (requested -> active):
  custom:framework-win-MediaFoundation: 216162199b28c13a410421893ffa2e32 -> 
  custom:video-decoder-ogg-theora: a1e56fd34408186e4bbccfd4996cb3dc -> 
  custom:container-muxer-webm: aa71ff27fc2769a1b78a27578f13a17b -> 
  custom:container-demuxer-webm: 4f35f7cbe854078d1ac9338744f61a02 -> 
  custom:container-demuxer-ogg: 62fdf1f143b41e24485cea50d1cbac27 -> 
  custom:video-encoder-webm-vp8: eb34c28f22e8b96e1ab97ce403110664 -> 
  custom:video-decoder-webm-vp8: 9c59270c3fd7afecdb556c50c9e8de78 -> 
  custom:audio-decoder-ogg-vorbis: bf7c407c2cedff20999df2af8eb42d56 -> 
  custom:audio-encoder-webm-vorbis: bf7c407c2cedff20999df2af8eb42d56 -> 
========================================================================
Received Import Request.
  Time since last request: 302.405151 seconds.
  path: Assets/Fire Particle Systems/UniversalRenderPipelineAsset.asset
  artifactKey: Guid(68b9364efa915437cb1f4c579332314a) Importer(815301076,1909f56bfc062723c751e8b465ee728b)
Start importing Assets/Fire Particle Systems/UniversalRenderPipelineAsset.asset using Guid(68b9364efa915437cb1f4c579332314a) Importer(815301076,1909f56bfc062723c751e8b465ee728b)  -> (artifact id: '82d544f678703e446e8180b68962b58c') in 0.471017 seconds 
========================================================================
Received Import Request.
  Time since last request: 0.000453 seconds.
  path: Assets/Fire Particle Systems/UniversalRenderPipelineAsset_Renderer.asset
  artifactKey: Guid(c1e30f2cecc8d44deaf54980f5b72af1) Importer(815301076,1909f56bfc062723c751e8b465ee728b)
Start importing Assets/Fire Particle Systems/UniversalRenderPipelineAsset_Renderer.asset using Guid(c1e30f2cecc8d44deaf54980f5b72af1) Importer(815301076,1909f56bfc062723c751e8b465ee728b)  -> (artifact id: '2205c7c64e91409da3c6f5034c7c1c5d') in 0.096586 seconds 
========================================================================
Received Import Request.
  Time since last request: 5.206067 seconds.
  path: Assets/Fire Particle Systems/Scenes
  artifactKey: Guid(3a3657ede61b445de8725d3962671eca) Importer(815301076,1909f56bfc062723c751e8b465ee728b)
Start importing Assets/Fire Particle Systems/Scenes using Guid(3a3657ede61b445de8725d3962671eca) Importer(815301076,1909f56bfc062723c751e8b465ee728b)  -> (artifact id: '1a9f6ebdd0f7a0a38283a6b561726d55') in 0.006647 seconds 
========================================================================
Received Import Request.
  Time since last request: 1.156643 seconds.
  path: Assets/Fire Particle Systems/Scenes/Overview.unity
  artifactKey: Guid(2f4b2063dd697234f9ed26e172fa5361) Importer(815301076,1909f56bfc062723c751e8b465ee728b)
Start importing Assets/Fire Particle Systems/Scenes/Overview.unity using Guid(2f4b2063dd697234f9ed26e172fa5361) Importer(815301076,1909f56bfc062723c751e8b465ee728b)  -> (artifact id: 'c43c6bbd0e094f487653cc08a32e2bff') in 0.010705 seconds 
