Using pre-set license
Built from '2020.3/staging' branch; Version is '2020.3.39f1 (fd6670bb8be9) revision 16606832'; Using compiler version '192528614'; Build Type 'Release'
OS: 'Windows 10  (10.0.17763) 64bit EnterpriseS' Language: 'ru' Physical Memory: 8072 MB
BatchMode: 1, IsHumanControllingUs: 0, StartBugReporterOnCrash: 0, Is64bit: 1, IsPro: 0

COMMAND LINE ARGUMENTS:
C:\Program Files\Unity\Hub\Editor\2020.3.39f1\Editor\Unity.exe
-adb2
-batchMode
-noUpm
-name
AssetImportWorker0
-projectPath
D:/Unity/Particle/Particle-sword
-logFile
Logs/AssetImportWorker0.log
-srvPort
53982
Successfully changed project path to: D:/Unity/Particle/Particle-sword
D:/Unity/Particle/Particle-sword
Using Asset Import Pipeline V2.
Refreshing native plugins compatible for Editor in 173.59 ms, found 2 plugins.
Preloading 0 native plugins for Editor in 0.00 ms.
Initialize engine version: 2020.3.39f1 (fd6670bb8be9)
[Subsystems] Discovering subsystems at path C:/Program Files/Unity/Hub/Editor/2020.3.39f1/Editor/Data/Resources/UnitySubsystems
[Subsystems] Discovering subsystems at path D:/Unity/Particle/Particle-sword/Assets
GfxDevice: creating device client; threaded=0
Direct3D:
    Version:  Direct3D 11.0 [level 11.1]
    Renderer: NVIDIA GeForce GTX 1050 (ID=0x1c91)
    Vendor:   
    VRAM:     2996 MB
    Driver:   31.0.15.1694
Shader 'Universal Render Pipeline/Particles/Lit': fallback shader 'Universal Render Pipeline/Particles/SimpleLit' not found
Initialize mono
Mono path[0] = 'C:/Program Files/Unity/Hub/Editor/2020.3.39f1/Editor/Data/Managed'
Mono path[1] = 'C:/Program Files/Unity/Hub/Editor/2020.3.39f1/Editor/Data/MonoBleedingEdge/lib/mono/unityjit'
Mono config path = 'C:/Program Files/Unity/Hub/Editor/2020.3.39f1/Editor/Data/MonoBleedingEdge/etc'
Using monoOptions --debugger-agent=transport=dt_socket,embedding=1,server=y,suspend=n,address=127.0.0.1:56848
Begin MonoManager ReloadAssembly
Registering precompiled unity dll's ...
Register platform support module: C:/Program Files/Unity/Hub/Editor/2020.3.39f1/Editor/Data/PlaybackEngines/WindowsStandaloneSupport/UnityEditor.WindowsStandalone.Extensions.dll
Registered in 0.005143 seconds.
Native extension for WindowsStandalone target not found
Refreshing native plugins compatible for Editor in 163.74 ms, found 2 plugins.
Preloading 0 native plugins for Editor in 0.00 ms.
Mono: successfully reloaded assembly
- Completed reload, in  1.827 seconds
Domain Reload Profiling:
	ReloadAssembly (1827ms)
		BeginReloadAssembly (202ms)
			ExecutionOrderSort (0ms)
			DisableScriptedObjects (0ms)
			BackupInstance (0ms)
			ReleaseScriptingObjects (0ms)
			CreateAndSetChildDomain (2ms)
		EndReloadAssembly (1432ms)
			LoadAssemblies (196ms)
			RebuildTransferFunctionScriptingTraits (0ms)
			SetupTypeCache (500ms)
			ReleaseScriptCaches (0ms)
			RebuildScriptCaches (101ms)
			SetupLoadedEditorAssemblies (535ms)
				LogAssemblyErrors (0ms)
				InitializePlatformSupportModulesInManaged (12ms)
				SetLoadedEditorAssemblies (0ms)
				RefreshPlugins (164ms)
				BeforeProcessingInitializeOnLoad (37ms)
				ProcessInitializeOnLoadAttributes (244ms)
				ProcessInitializeOnLoadMethodAttributes (76ms)
				AfterProcessingInitializeOnLoad (0ms)
				EditorAssembliesLoaded (0ms)
			ExecutionOrderSort2 (0ms)
			AwakeInstancesAfterBackupRestoration (0ms)
Platform modules already initialized, skipping
Registering precompiled user dll's ...
Registered in 0.011288 seconds.
Begin MonoManager ReloadAssembly
Native extension for WindowsStandalone target not found
Refreshing native plugins compatible for Editor in 160.46 ms, found 2 plugins.
Preloading 0 native plugins for Editor in 0.00 ms.
Mono: successfully reloaded assembly
- Completed reload, in  3.536 seconds
Domain Reload Profiling:
	ReloadAssembly (3538ms)
		BeginReloadAssembly (464ms)
			ExecutionOrderSort (0ms)
			DisableScriptedObjects (12ms)
			BackupInstance (0ms)
			ReleaseScriptingObjects (0ms)
			CreateAndSetChildDomain (53ms)
		EndReloadAssembly (2880ms)
			LoadAssemblies (342ms)
			RebuildTransferFunctionScriptingTraits (0ms)
			SetupTypeCache (924ms)
			ReleaseScriptCaches (2ms)
			RebuildScriptCaches (167ms)
			SetupLoadedEditorAssemblies (1130ms)
				LogAssemblyErrors (0ms)
				InitializePlatformSupportModulesInManaged (9ms)
				SetLoadedEditorAssemblies (0ms)
				RefreshPlugins (161ms)
				BeforeProcessingInitializeOnLoad (253ms)
				ProcessInitializeOnLoadAttributes (648ms)
				ProcessInitializeOnLoadMethodAttributes (44ms)
				AfterProcessingInitializeOnLoad (14ms)
				EditorAssembliesLoaded (1ms)
			ExecutionOrderSort2 (0ms)
			AwakeInstancesAfterBackupRestoration (6ms)
Platform modules already initialized, skipping
========================================================================
Worker process is ready to serve import requests
Shader 'Universal Render Pipeline/Particles/Lit': fallback shader 'Universal Render Pipeline/Particles/SimpleLit' not found
Launched and connected shader compiler UnityShaderCompiler.exe after 0.16 seconds
Refreshing native plugins compatible for Editor in 2.30 ms, found 2 plugins.
Preloading 0 native plugins for Editor in 0.00 ms.
Unloading 2613 Unused Serialized files (Serialized files now loaded: 0)
System memory in use before: 111.9 MB.
System memory in use after: 112.0 MB.

Unloading 19 unused Assets to reduce memory usage. Loaded Objects now: 3058.
Total: 15.389400 ms (FindLiveObjects: 0.983800 ms CreateObjectMapping: 0.586200 ms MarkObjects: 13.540200 ms  DeleteObjects: 0.276200 ms)

AssetImportParameters requested are different than current active one (requested -> active):
  custom:framework-win-MediaFoundation: 216162199b28c13a410421893ffa2e32 -> 
  custom:video-decoder-ogg-theora: a1e56fd34408186e4bbccfd4996cb3dc -> 
  custom:container-muxer-webm: aa71ff27fc2769a1b78a27578f13a17b -> 
  custom:container-demuxer-webm: 4f35f7cbe854078d1ac9338744f61a02 -> 
  custom:container-demuxer-ogg: 62fdf1f143b41e24485cea50d1cbac27 -> 
  custom:video-encoder-webm-vp8: eb34c28f22e8b96e1ab97ce403110664 -> 
  custom:video-decoder-webm-vp8: 9c59270c3fd7afecdb556c50c9e8de78 -> 
  custom:audio-decoder-ogg-vorbis: bf7c407c2cedff20999df2af8eb42d56 -> 
  custom:audio-encoder-webm-vorbis: bf7c407c2cedff20999df2af8eb42d56 -> 
========================================================================
Received Import Request.
  path: Assets/Fire Particle Systems/Scenes/Overview_Profiles
  artifactKey: Guid(a74f23509fdfa4253bbe1edb0d405f55) Importer(815301076,1909f56bfc062723c751e8b465ee728b)
Start importing Assets/Fire Particle Systems/Scenes/Overview_Profiles using Guid(a74f23509fdfa4253bbe1edb0d405f55) Importer(815301076,1909f56bfc062723c751e8b465ee728b)  -> (artifact id: '3619bf8dc93236cf5b7614a604780e67') in 0.021353 seconds 
========================================================================
Received Import Request.
  Time since last request: 0.000753 seconds.
  path: Assets/Fire Particle Systems/Scenes/Overview_Profiles/LUT_DesaturatedFog.png
  artifactKey: Guid(440b0c6c80c9049ac96c2c15100918fe) Importer(815301076,1909f56bfc062723c751e8b465ee728b)
Start importing Assets/Fire Particle Systems/Scenes/Overview_Profiles/LUT_DesaturatedFog.png using Guid(440b0c6c80c9049ac96c2c15100918fe) Importer(815301076,1909f56bfc062723c751e8b465ee728b)  -> (artifact id: 'bdef74ec1c05eec3d6f8dc4597f4020e') in 0.435392 seconds 
========================================================================
Received Import Request.
  Time since last request: 0.000533 seconds.
  path: Assets/Scenes/SampleScene.unity
  artifactKey: Guid(9fc0d4010bbf28b4594072e72b8655ab) Importer(815301076,1909f56bfc062723c751e8b465ee728b)
Start importing Assets/Scenes/SampleScene.unity using Guid(9fc0d4010bbf28b4594072e72b8655ab) Importer(815301076,1909f56bfc062723c751e8b465ee728b)  -> (artifact id: '24ff203bad59d2086fd3d5d036c9b07a') in 0.005075 seconds 
========================================================================
Received Import Request.
  Time since last request: 0.001287 seconds.
  path: Assets/Fire Particle Systems/Scenes/Overview_Profiles/Post-processing Profile.asset
  artifactKey: Guid(ff88c218d9a334b51b9be7a096c38172) Importer(815301076,1909f56bfc062723c751e8b465ee728b)
Start importing Assets/Fire Particle Systems/Scenes/Overview_Profiles/Post-processing Profile.asset using Guid(ff88c218d9a334b51b9be7a096c38172) Importer(815301076,1909f56bfc062723c751e8b465ee728b)  -> (artifact id: '0eefbc07f8d3a56fc578fa04fbd4c759') in 0.083363 seconds 
========================================================================
Received Import Request.
  Time since last request: 0.036070 seconds.
  path: Assets/Katana/Katana.unity
  artifactKey: Guid(fc3c8b080c3f3d449ad56820c91cf2f9) Importer(815301076,1909f56bfc062723c751e8b465ee728b)
Start importing Assets/Katana/Katana.unity using Guid(fc3c8b080c3f3d449ad56820c91cf2f9) Importer(815301076,1909f56bfc062723c751e8b465ee728b)  -> (artifact id: 'e471bed95e0e6f09ffbcdc6dd27328c0') in 0.006685 seconds 
========================================================================
Received Import Request.
  Time since last request: 20.290975 seconds.
  path: Assets/Fire Particle Systems/Resources
  artifactKey: Guid(cfdd893df113442c88bd4dc507c20f16) Importer(815301076,1909f56bfc062723c751e8b465ee728b)
Start importing Assets/Fire Particle Systems/Resources using Guid(cfdd893df113442c88bd4dc507c20f16) Importer(815301076,1909f56bfc062723c751e8b465ee728b)  -> (artifact id: '0e7d37347e7927ba7fafa2a09f33666d') in 0.006138 seconds 
========================================================================
Received Import Request.
  Time since last request: 0.614154 seconds.
  path: Assets/Fire Particle Systems/Resources/Materials
  artifactKey: Guid(0e9c20d8565c84949a7c1a12a1b71c65) Importer(815301076,1909f56bfc062723c751e8b465ee728b)
Start importing Assets/Fire Particle Systems/Resources/Materials using Guid(0e9c20d8565c84949a7c1a12a1b71c65) Importer(815301076,1909f56bfc062723c751e8b465ee728b)  -> (artifact id: '0ac2eb772042a9e346f327a8be4e3bc8') in 0.005798 seconds 
========================================================================
Received Import Request.
  Time since last request: 0.631640 seconds.
  path: Assets/Fire Particle Systems/Resources/Materials/Grid.mat
  artifactKey: Guid(634efac62037043bc9095640a8e1801c) Importer(815301076,1909f56bfc062723c751e8b465ee728b)
Start importing Assets/Fire Particle Systems/Resources/Materials/Grid.mat using Guid(634efac62037043bc9095640a8e1801c) Importer(815301076,1909f56bfc062723c751e8b465ee728b)  -> (artifact id: 'cb4823256c189ed6926c8551b6dbefee') in 0.484583 seconds 
========================================================================
Received Import Request.
  Time since last request: 0.000561 seconds.
  path: Assets/Fire Particle Systems/Resources/Materials/ParticleSystem_Multiply.mat
  artifactKey: Guid(1f1d0eb60890941809851582ab189602) Importer(815301076,1909f56bfc062723c751e8b465ee728b)
Start importing Assets/Fire Particle Systems/Resources/Materials/ParticleSystem_Multiply.mat using Guid(1f1d0eb60890941809851582ab189602) Importer(815301076,1909f56bfc062723c751e8b465ee728b)  -> (artifact id: '05e1e3fd465f599d5be4573c49dde7d8') in 0.059635 seconds 
========================================================================
Received Import Request.
  Time since last request: 0.000484 seconds.
  path: Assets/Fire Particle Systems/Resources/Materials/Skybox.mat
  artifactKey: Guid(fbf826d2d213045d19f97011ac5a2a63) Importer(815301076,1909f56bfc062723c751e8b465ee728b)
Start importing Assets/Fire Particle Systems/Resources/Materials/Skybox.mat using Guid(fbf826d2d213045d19f97011ac5a2a63) Importer(815301076,1909f56bfc062723c751e8b465ee728b)  -> (artifact id: 'f60b854e03f4796fe8023c2fd9c09226') in 0.043116 seconds 
========================================================================
Received Import Request.
  Time since last request: 0.000581 seconds.
  path: Assets/Fire Particle Systems/Resources/Materials/ParticleSystem_Additive.mat
  artifactKey: Guid(7c18f9f06339d49e784aa6c2c60ae29e) Importer(815301076,1909f56bfc062723c751e8b465ee728b)
Start importing Assets/Fire Particle Systems/Resources/Materials/ParticleSystem_Additive.mat using Guid(7c18f9f06339d49e784aa6c2c60ae29e) Importer(815301076,1909f56bfc062723c751e8b465ee728b)  -> (artifact id: 'c6dd7dce0740a57cb813941a5e2387b1') in 0.027215 seconds 
========================================================================
Received Import Request.
  Time since last request: 0.000489 seconds.
  path: Assets/Fire Particle Systems/Resources/Materials/ParticleSystem_Additive_Emission_Fire.mat
  artifactKey: Guid(3cd423cca9a6c47ceb2f768bbbe890da) Importer(815301076,1909f56bfc062723c751e8b465ee728b)
Start importing Assets/Fire Particle Systems/Resources/Materials/ParticleSystem_Additive_Emission_Fire.mat using Guid(3cd423cca9a6c47ceb2f768bbbe890da) Importer(815301076,1909f56bfc062723c751e8b465ee728b)  -> (artifact id: '1211294575e10c054bf894f59c1134b5') in 0.031674 seconds 
========================================================================
Received Import Request.
  Time since last request: 0.005268 seconds.
  path: Assets/Fire Particle Systems/Resources/Materials/ParticleSystem_Additive_Emission.mat
  artifactKey: Guid(d1a4a4eed5b514175b10a10ea1c19add) Importer(815301076,1909f56bfc062723c751e8b465ee728b)
Start importing Assets/Fire Particle Systems/Resources/Materials/ParticleSystem_Additive_Emission.mat using Guid(d1a4a4eed5b514175b10a10ea1c19add) Importer(815301076,1909f56bfc062723c751e8b465ee728b)  -> (artifact id: 'baeafa98babc903b4cda1a85e6ce85e7') in 0.026793 seconds 
========================================================================
Received Import Request.
  Time since last request: 3.849350 seconds.
  path: Assets/Fire Particle Systems
  artifactKey: Guid(1b5d1f604ec1f3e48a594ccb9c1c8d09) Importer(815301076,1909f56bfc062723c751e8b465ee728b)
Start importing Assets/Fire Particle Systems using Guid(1b5d1f604ec1f3e48a594ccb9c1c8d09) Importer(815301076,1909f56bfc062723c751e8b465ee728b)  -> (artifact id: '4798c31a4ee2830dd9fad01ff6afb9a6') in 0.006778 seconds 
========================================================================
Received Prepare
Shader 'Universal Render Pipeline/Particles/Lit': fallback shader 'Universal Render Pipeline/Particles/SimpleLit' not found
Refreshing native plugins compatible for Editor in 8.96 ms, found 2 plugins.
Preloading 0 native plugins for Editor in 0.00 ms.
Unloading 11 Unused Serialized files (Serialized files now loaded: 0)
System memory in use before: 59.7 MB.
System memory in use after: 59.9 MB.

Unloading 12 unused Assets to reduce memory usage. Loaded Objects now: 3101.
Total: 12.097200 ms (FindLiveObjects: 0.692000 ms CreateObjectMapping: 0.409500 ms MarkObjects: 10.787600 ms  DeleteObjects: 0.206200 ms)

AssetImportParameters requested are different than current active one (requested -> active):
  custom:framework-win-MediaFoundation: 216162199b28c13a410421893ffa2e32 -> 
  custom:video-decoder-ogg-theora: a1e56fd34408186e4bbccfd4996cb3dc -> 
  custom:container-muxer-webm: aa71ff27fc2769a1b78a27578f13a17b -> 
  custom:container-demuxer-webm: 4f35f7cbe854078d1ac9338744f61a02 -> 
  custom:container-demuxer-ogg: 62fdf1f143b41e24485cea50d1cbac27 -> 
  custom:video-encoder-webm-vp8: eb34c28f22e8b96e1ab97ce403110664 -> 
  custom:video-decoder-webm-vp8: 9c59270c3fd7afecdb556c50c9e8de78 -> 
  custom:audio-decoder-ogg-vorbis: bf7c407c2cedff20999df2af8eb42d56 -> 
  custom:audio-encoder-webm-vorbis: bf7c407c2cedff20999df2af8eb42d56 -> 
========================================================================
Received Import Request.
  Time since last request: 68.661379 seconds.
  path: Assets/Fire Particle Systems/Resources/Textures/LensDirt.png
  artifactKey: Guid(4b8bea6335bd64e819b4353ba5531832) Importer(815301076,1909f56bfc062723c751e8b465ee728b)
Start importing Assets/Fire Particle Systems/Resources/Textures/LensDirt.png using Guid(4b8bea6335bd64e819b4353ba5531832) Importer(815301076,1909f56bfc062723c751e8b465ee728b)  -> (artifact id: '96077ec1c8116d172791158d808fe57a') in 0.029422 seconds 
========================================================================
Received Import Request.
  Time since last request: 0.000672 seconds.
  path: Assets/Fire Particle Systems/Resources/Textures/Particles.png
  artifactKey: Guid(9061e98e3e59343abb561c58c425b8b8) Importer(815301076,1909f56bfc062723c751e8b465ee728b)
Start importing Assets/Fire Particle Systems/Resources/Textures/Particles.png using Guid(9061e98e3e59343abb561c58c425b8b8) Importer(815301076,1909f56bfc062723c751e8b465ee728b)  -> (artifact id: '66e767b6f9f9f2ad8b54dcd4190ceb47') in 0.492108 seconds 
========================================================================
Received Import Request.
  Time since last request: 70.129625 seconds.
  path: Assets/Fire Particle Systems/Resources/Textures/New Animation.anim
  artifactKey: Guid(076f4efb02867b441a2ad8db988311bb) Importer(815301076,1909f56bfc062723c751e8b465ee728b)
Start importing Assets/Fire Particle Systems/Resources/Textures/New Animation.anim using Guid(076f4efb02867b441a2ad8db988311bb) Importer(815301076,1909f56bfc062723c751e8b465ee728b)  -> (artifact id: 'd663bc063147d932e064c88e39480266') in 0.040743 seconds 
========================================================================
Received Prepare
Registering precompiled user dll's ...
Registered in 0.010491 seconds.
Begin MonoManager ReloadAssembly
Native extension for WindowsStandalone target not found
Refreshing native plugins compatible for Editor in 1.95 ms, found 2 plugins.
Preloading 0 native plugins for Editor in 0.00 ms.
Mono: successfully reloaded assembly
- Completed reload, in  3.985 seconds
Domain Reload Profiling:
	ReloadAssembly (3986ms)
		BeginReloadAssembly (449ms)
			ExecutionOrderSort (0ms)
			DisableScriptedObjects (17ms)
			BackupInstance (0ms)
			ReleaseScriptingObjects (0ms)
			CreateAndSetChildDomain (140ms)
		EndReloadAssembly (3284ms)
			LoadAssemblies (425ms)
			RebuildTransferFunctionScriptingTraits (0ms)
			SetupTypeCache (1139ms)
			ReleaseScriptCaches (4ms)
			RebuildScriptCaches (196ms)
			SetupLoadedEditorAssemblies (1182ms)
				LogAssemblyErrors (0ms)
				InitializePlatformSupportModulesInManaged (15ms)
				SetLoadedEditorAssemblies (2ms)
				RefreshPlugins (2ms)
				BeforeProcessingInitializeOnLoad (337ms)
				ProcessInitializeOnLoadAttributes (744ms)
				ProcessInitializeOnLoadMethodAttributes (65ms)
				AfterProcessingInitializeOnLoad (17ms)
				EditorAssembliesLoaded (1ms)
			ExecutionOrderSort2 (0ms)
			AwakeInstancesAfterBackupRestoration (5ms)
Platform modules already initialized, skipping
Shader 'Universal Render Pipeline/Particles/Lit': fallback shader 'Universal Render Pipeline/Particles/SimpleLit' not found
Refreshing native plugins compatible for Editor in 1.92 ms, found 2 plugins.
Preloading 0 native plugins for Editor in 0.00 ms.
Unloading 2557 Unused Serialized files (Serialized files now loaded: 0)
System memory in use before: 110.1 MB.
System memory in use after: 110.2 MB.

Unloading 14 unused Assets to reduce memory usage. Loaded Objects now: 3108.
Total: 9.795800 ms (FindLiveObjects: 0.825100 ms CreateObjectMapping: 0.440700 ms MarkObjects: 8.339000 ms  DeleteObjects: 0.188100 ms)

AssetImportParameters requested are different than current active one (requested -> active):
  custom:framework-win-MediaFoundation: 216162199b28c13a410421893ffa2e32 -> 
  custom:video-decoder-ogg-theora: a1e56fd34408186e4bbccfd4996cb3dc -> 
  custom:container-muxer-webm: aa71ff27fc2769a1b78a27578f13a17b -> 
  custom:container-demuxer-webm: 4f35f7cbe854078d1ac9338744f61a02 -> 
  custom:container-demuxer-ogg: 62fdf1f143b41e24485cea50d1cbac27 -> 
  custom:video-encoder-webm-vp8: eb34c28f22e8b96e1ab97ce403110664 -> 
  custom:video-decoder-webm-vp8: 9c59270c3fd7afecdb556c50c9e8de78 -> 
  custom:audio-decoder-ogg-vorbis: bf7c407c2cedff20999df2af8eb42d56 -> 
  custom:audio-encoder-webm-vorbis: bf7c407c2cedff20999df2af8eb42d56 -> 
========================================================================
Received Import Request.
  Time since last request: 192.223063 seconds.
  path: Assets
  artifactKey: Guid(00000000000000001000000000000000) Importer(815301076,1909f56bfc062723c751e8b465ee728b)
Start importing Assets using Guid(00000000000000001000000000000000) Importer(815301076,1909f56bfc062723c751e8b465ee728b)  -> (artifact id: '42d402b061de3733987d63b9cc3b64de') in 0.023327 seconds 
========================================================================
Received Import Request.
  Time since last request: 11.909051 seconds.
  path: Assets/Material
  artifactKey: Guid(883999b7d3e31ec499949347eb87a6ee) Importer(815301076,1909f56bfc062723c751e8b465ee728b)
Start importing Assets/Material using Guid(883999b7d3e31ec499949347eb87a6ee) Importer(815301076,1909f56bfc062723c751e8b465ee728b)  -> (artifact id: 'e3a9c00fced361fd84f89b962c1a4740') in 0.022505 seconds 
========================================================================
Received Import Request.
  Time since last request: 35.866606 seconds.
  path: Assets/Material/Fire_Particle.mat
  artifactKey: Guid(fae50bd94f634ed4fb72536233495a6d) Importer(815301076,1909f56bfc062723c751e8b465ee728b)
Start importing Assets/Material/Fire_Particle.mat using Guid(fae50bd94f634ed4fb72536233495a6d) Importer(815301076,1909f56bfc062723c751e8b465ee728b)  -> (artifact id: 'ade48c7629ff972ac28fd1535b0c1311') in 0.179953 seconds 
========================================================================
Received Prepare
Registering precompiled user dll's ...
Registered in 0.012517 seconds.
Begin MonoManager ReloadAssembly
Native extension for WindowsStandalone target not found
Refreshing native plugins compatible for Editor in 1.96 ms, found 2 plugins.
Preloading 0 native plugins for Editor in 0.00 ms.
Mono: successfully reloaded assembly
- Completed reload, in  3.646 seconds
Domain Reload Profiling:
	ReloadAssembly (3648ms)
		BeginReloadAssembly (383ms)
			ExecutionOrderSort (0ms)
			DisableScriptedObjects (15ms)
			BackupInstance (0ms)
			ReleaseScriptingObjects (0ms)
			CreateAndSetChildDomain (128ms)
		EndReloadAssembly (3044ms)
			LoadAssemblies (353ms)
			RebuildTransferFunctionScriptingTraits (0ms)
			SetupTypeCache (1137ms)
			ReleaseScriptCaches (4ms)
			RebuildScriptCaches (175ms)
			SetupLoadedEditorAssemblies (1076ms)
				LogAssemblyErrors (0ms)
				InitializePlatformSupportModulesInManaged (16ms)
				SetLoadedEditorAssemblies (1ms)
				RefreshPlugins (2ms)
				BeforeProcessingInitializeOnLoad (317ms)
				ProcessInitializeOnLoadAttributes (674ms)
				ProcessInitializeOnLoadMethodAttributes (47ms)
				AfterProcessingInitializeOnLoad (17ms)
				EditorAssembliesLoaded (1ms)
			ExecutionOrderSort2 (0ms)
			AwakeInstancesAfterBackupRestoration (7ms)
Platform modules already initialized, skipping
Shader 'Universal Render Pipeline/Particles/Lit': fallback shader 'Universal Render Pipeline/Particles/SimpleLit' not found
Refreshing native plugins compatible for Editor in 2.91 ms, found 2 plugins.
Preloading 0 native plugins for Editor in 0.00 ms.
Unloading 2557 Unused Serialized files (Serialized files now loaded: 0)
System memory in use before: 110.1 MB.
System memory in use after: 110.3 MB.

Unloading 14 unused Assets to reduce memory usage. Loaded Objects now: 3112.
Total: 14.056400 ms (FindLiveObjects: 3.530100 ms CreateObjectMapping: 0.544500 ms MarkObjects: 9.774200 ms  DeleteObjects: 0.203900 ms)

AssetImportParameters requested are different than current active one (requested -> active):
  custom:framework-win-MediaFoundation: 216162199b28c13a410421893ffa2e32 -> 
  custom:video-decoder-ogg-theora: a1e56fd34408186e4bbccfd4996cb3dc -> 
  custom:container-muxer-webm: aa71ff27fc2769a1b78a27578f13a17b -> 
  custom:container-demuxer-webm: 4f35f7cbe854078d1ac9338744f61a02 -> 
  custom:container-demuxer-ogg: 62fdf1f143b41e24485cea50d1cbac27 -> 
  custom:video-encoder-webm-vp8: eb34c28f22e8b96e1ab97ce403110664 -> 
  custom:video-decoder-webm-vp8: 9c59270c3fd7afecdb556c50c9e8de78 -> 
  custom:audio-decoder-ogg-vorbis: bf7c407c2cedff20999df2af8eb42d56 -> 
  custom:audio-encoder-webm-vorbis: bf7c407c2cedff20999df2af8eb42d56 -> 
AssetImportWorkerClient::OnTransportError - code=2 error=End of file
